<?xml version="1.0" encoding="UTF-8"?>
<!-- Generated by org.testng.reporters.JUnitXMLReporter -->
<testsuite ignored="1" hostname="DESKTOP-AT83ANU" failures="0" tests="3" name="Default test" time="0.114" errors="0" timestamp="2025-02-08T15:14:17 IST">
  <testcase classname="Com_Test.TC_004" name="pqr" time="0.018"/>
  <testcase classname="Com_Test.TC_004" name="qwe" time="0.003"/>
  <testcase classname="Com_Test.TC_004" name="Abc" time="0.004"/>
  <testcase classname="Com_Test.TC_004" name="asq" time="0.0">
    <ignored/>
  </testcase> <!-- asq -->
</testsuite> <!-- Default test -->
