<?xml version="1.0" encoding="UTF-8"?>
<!-- Generated by org.testng.reporters.JUnitXMLReporter -->
<testsuite ignored="3" hostname="DESKTOP-AT83ANU" failures="0" tests="3" name="Test" time="0.154" errors="0" timestamp="2025-02-08T14:59:56 IST">
  <testcase classname="Com_Test.TC__003" name="m2" time="0.029"/>
  <testcase classname="Com_Test.TC__003" name="m3" time="0.002"/>
  <testcase classname="Com_Test.TC_002" name="pqr" time="0.004"/>
  <testcase classname="Com_Test.TC__003" name="m1" time="0.0">
    <ignored/>
  </testcase> <!-- m1 -->
  <testcase classname="Com_Test.TC_002" name="xyz" time="0.0">
    <ignored/>
  </testcase> <!-- xyz -->
  <testcase classname="Com_Test.TC_002" name="wer" time="0.0">
    <ignored/>
  </testcase> <!-- wer -->
</testsuite> <!-- Test -->
