<?xml version="1.0" encoding="UTF-8"?>
<testng-results ignored="0" total="3" passed="3" failed="0" skipped="0">
  <reporter-output>
  </reporter-output>
  <suite started-at="2025-02-08T15:14:17 IST" name="Default suite" finished-at="2025-02-08T15:14:17 IST" duration-ms="114">
    <groups>
    </groups>
    <test started-at="2025-02-08T15:14:17 IST" name="Default test" finished-at="2025-02-08T15:14:17 IST" duration-ms="114">
      <class name="Com_Test.TC_004">
        <test-method signature="pqr()[pri:0, instance:Com_Test.TC_004@6302bbb1]" started-at="2025-02-08T15:14:17 IST" name="pqr" finished-at="2025-02-08T15:14:17 IST" duration-ms="18" status="PASS">
          <reporter-output>
          </reporter-output>
        </test-method> <!-- pqr -->
        <test-method signature="qwe()[pri:1, instance:Com_Test.TC_004@6302bbb1]" started-at="2025-02-08T15:14:17 IST" name="qwe" finished-at="2025-02-08T15:14:17 IST" duration-ms="3" status="PASS">
          <reporter-output>
          </reporter-output>
        </test-method> <!-- qwe -->
        <test-method signature="Abc()[pri:2, instance:Com_Test.TC_004@6302bbb1]" started-at="2025-02-08T15:14:17 IST" name="Abc" finished-at="2025-02-08T15:14:17 IST" duration-ms="4" status="PASS">
          <reporter-output>
          </reporter-output>
        </test-method> <!-- Abc -->
      </class> <!-- Com_Test.TC_004 -->
    </test> <!-- Default test -->
  </suite> <!-- Default suite -->
</testng-results>
